2025-05-16T16:26:19.377+08:00  INFO 2864 --- [springboot-jpa] [main] c.example.demo.SpringbootJpaApplication  : Starting SpringbootJpaApplication using Java 21.0.6 with PID 2864 (C:\Users\NTPU\eclipse-workspace\springboot-jpa\target\classes started by NTPU in C:\Users\NTPU\eclipse-workspace\springboot-jpa)
2025-05-16T16:26:19.378+08:00  INFO 2864 --- [springboot-jpa] [main] c.example.demo.SpringbootJpaApplication  : No active profile set, falling back to 1 default profile: "default"
2025-05-16T16:26:19.683+08:00  INFO 2864 --- [springboot-jpa] [main] .s.d.r.c.RepositoryConfigurationDelegate : Multiple Spring Data modules found, entering strict repository configuration mode
2025-05-16T16:26:19.684+08:00  INFO 2864 --- [springboot-jpa] [main] .s.d.r.c.RepositoryConfigurationDelegate : Bootstrapping Spring Data JDBC repositories in DEFAULT mode.
2025-05-16T16:26:19.698+08:00  INFO 2864 --- [springboot-jpa] [main] .s.d.r.c.RepositoryConfigurationDelegate : Finished Spring Data repository scanning in 11 ms. Found 0 JDBC repository interfaces.
2025-05-16T16:26:19.705+08:00  INFO 2864 --- [springboot-jpa] [main] .s.d.r.c.RepositoryConfigurationDelegate : Multiple Spring Data modules found, entering strict repository configuration mode
2025-05-16T16:26:19.706+08:00  INFO 2864 --- [springboot-jpa] [main] .s.d.r.c.RepositoryConfigurationDelegate : Bootstrapping Spring Data JPA repositories in DEFAULT mode.
2025-05-16T16:26:19.710+08:00  INFO 2864 --- [springboot-jpa] [main] .s.d.r.c.RepositoryConfigurationDelegate : Finished Spring Data repository scanning in 1 ms. Found 0 JPA repository interfaces.
2025-05-16T16:26:19.932+08:00  INFO 2864 --- [springboot-jpa] [main] o.s.b.w.embedded.tomcat.TomcatWebServer  : Tomcat initialized with port 8081 (http)
2025-05-16T16:26:19.941+08:00  INFO 2864 --- [springboot-jpa] [main] o.apache.catalina.core.StandardService   : Starting service [Tomcat]
2025-05-16T16:26:19.941+08:00  INFO 2864 --- [springboot-jpa] [main] o.apache.catalina.core.StandardEngine    : Starting Servlet engine: [Apache Tomcat/10.1.40]
2025-05-16T16:26:20.045+08:00  INFO 2864 --- [springboot-jpa] [main] org.apache.jasper.servlet.TldScanner     : At least one JAR was scanned for TLDs yet contained no TLDs. Enable debug logging for this logger for a complete list of JARs that were scanned but no TLDs were found in them. Skipping unneeded JARs during scanning can improve startup time and JSP compilation time.
2025-05-16T16:26:20.049+08:00  INFO 2864 --- [springboot-jpa] [main] o.a.c.c.C.[Tomcat].[localhost].[/]       : Initializing Spring embedded WebApplicationContext
2025-05-16T16:26:20.050+08:00  INFO 2864 --- [springboot-jpa] [main] w.s.c.ServletWebServerApplicationContext : Root WebApplicationContext: initialization completed in 651 ms
2025-05-16T16:26:20.129+08:00  INFO 2864 --- [springboot-jpa] [main] o.hibernate.jpa.internal.util.LogHelper  : HHH000204: Processing PersistenceUnitInfo [name: default]
2025-05-16T16:26:20.156+08:00  INFO 2864 --- [springboot-jpa] [main] org.hibernate.Version                    : HHH000412: Hibernate ORM core version 6.6.13.Final
2025-05-16T16:26:20.175+08:00  INFO 2864 --- [springboot-jpa] [main] o.h.c.internal.RegionFactoryInitiator    : HHH000026: Second-level cache disabled
2025-05-16T16:26:20.347+08:00  INFO 2864 --- [springboot-jpa] [main] o.s.o.j.p.SpringPersistenceUnitInfo      : No LoadTimeWeaver setup: ignoring JPA class transformer
2025-05-16T16:26:20.364+08:00  INFO 2864 --- [springboot-jpa] [main] com.zaxxer.hikari.HikariDataSource       : HikariPool-1 - Starting...
2025-05-16T16:26:20.454+08:00  INFO 2864 --- [springboot-jpa] [main] com.zaxxer.hikari.pool.HikariPool        : HikariPool-1 - Added connection com.mysql.cj.jdbc.ConnectionImpl@6249a08d
2025-05-16T16:26:20.455+08:00  INFO 2864 --- [springboot-jpa] [main] com.zaxxer.hikari.HikariDataSource       : HikariPool-1 - Start completed.
2025-05-16T16:26:20.502+08:00  INFO 2864 --- [springboot-jpa] [main] org.hibernate.orm.connections.pooling    : HHH10001005: Database info:
	Database JDBC URL [Connecting through datasource 'HikariDataSource (HikariPool-1)']
	Database driver: undefined/unknown
	Database version: 8.0.41
	Autocommit mode: undefined/unknown
	Isolation level: undefined/unknown
	Minimum pool size: undefined/unknown
	Maximum pool size: undefined/unknown
2025-05-16T16:26:20.935+08:00  INFO 2864 --- [springboot-jpa] [main] o.h.e.t.j.p.i.JtaPlatformInitiator       : HHH000489: No JTA platform available (set 'hibernate.transaction.jta.platform' to enable JTA platform integration)
2025-05-16T16:26:21.329+08:00  INFO 2864 --- [springboot-jpa] [main] j.LocalContainerEntityManagerFactoryBean : Initialized JPA EntityManagerFactory for persistence unit 'default'
2025-05-16T16:26:21.631+08:00  INFO 2864 --- [springboot-jpa] [main] o.s.b.w.embedded.tomcat.TomcatWebServer  : Tomcat started on port 8081 (http) with context path '/'
2025-05-16T16:26:21.636+08:00  INFO 2864 --- [springboot-jpa] [main] c.example.demo.SpringbootJpaApplication  : Started SpringbootJpaApplication in 2.468 seconds (process running for 2.774)
